2025-03-08 20:15:27,823 - INFO - Starting SpaceTextCorpus data collection
2025-03-08 20:15:27,823 - INFO - Starting collection for category: exoplanets
2025-03-08 20:15:27,823 - INFO - Crawling https://www.nasa.gov/news/ for category: exoplanets
2025-03-08 20:15:28,773 - INFO - Found 14 exoplanets article links for https://www.nasa.gov/news/
2025-03-08 20:15:28,773 - INFO - Processing article: https://www.nasa.gov/missions/station/preguntas-frecuentes-la-verdadera-historia-del-cuidado-de-la-salud-de-los-astronautas-en-el-espacio/
2025-03-08 20:15:31,273 - INFO - Successfully extracted article: Preguntas frecuentes: La verdadera historia del cuidado de la salud de los astronautas en el espacio
2025-03-08 20:15:31,274 - INFO - Processing article: https://www.nasa.gov/missions/
2025-03-08 20:15:33,961 - INFO - Successfully extracted article: Missions
2025-03-08 20:15:33,961 - INFO - Processing article: https://www.nasa.gov/news/nasa-media-contacts/
2025-03-08 20:15:36,709 - INFO - Successfully extracted article: NASA Media Contacts
2025-03-08 20:15:36,710 - INFO - Processing article: https://www.nasa.gov/missions/station/what-you-need-to-know-about-nasas-spacex-crew-10-mission/
2025-03-08 20:15:39,297 - INFO - Successfully extracted article: What You Need to Know about NASA’s SpaceX Crew-10 Mission
2025-03-08 20:15:39,298 - INFO - Processing article: https://www.nasa.gov/missions/spherex/cosmic-mapmaker-nasas-spherex-space-telescope-ready-to-launch/
2025-03-08 20:15:41,885 - INFO - Successfully extracted article: Cosmic Mapmaker: NASA’s SPHEREx Space Telescope Ready to Launch
2025-03-08 20:15:41,886 - INFO - Processing article: https://www.nasa.gov/feature/naca-at-110-special-feature/
2025-03-08 20:15:44,479 - INFO - Successfully extracted article: The NACA
2025-03-08 20:15:44,479 - INFO - Processing article: https://www.nasa.gov/feature/mejores-imagenes-de-ciencia-en-la-estacion-espacial-2024/
2025-03-08 20:15:47,132 - INFO - Successfully extracted article: Mejores imágenes de Ciencia en la estación espacial 2024 - NASA
2025-03-08 20:15:47,133 - INFO - Processing article: https://science.nasa.gov/missions/webb/nasa-webb-wows-with-incredible-detail-in-actively-forming-star-system/
2025-03-08 20:15:50,152 - INFO - Successfully extracted article: NASA Webb Wows With Incredible Detail in Actively Forming Star System
2025-03-08 20:15:50,152 - INFO - Processing article: https://www.nasa.gov/news/media-contacts/
2025-03-08 20:15:52,775 - INFO - Successfully extracted article: NASA Media Contacts
2025-03-08 20:15:52,775 - INFO - Processing article: https://www.nasa.gov/missions/station/iss-research/nasas-spacex-crew-9-scientific-mission-on-space-station-concludes/
2025-03-08 20:15:55,348 - INFO - Successfully extracted article: Ahead of Crew Return, NASA’s Crew-9 Concludes Science Mission
2025-03-08 20:15:55,348 - INFO - Processing article: https://science.nasa.gov/exoplanets/
2025-03-08 20:15:58,581 - INFO - Successfully extracted article: Exoplanets
2025-03-08 20:15:58,582 - INFO - Processing article: https://www.nasa.gov/news/
2025-03-08 20:16:01,202 - INFO - Successfully extracted article: NASA News
2025-03-08 20:16:01,202 - INFO - Processing article: https://science.nasa.gov/missions/hubble/hubble-spies-a-spiral-in-the-water-snake/
2025-03-08 20:16:03,754 - INFO - Successfully extracted article: Hubble Spies a Spiral in the Water Snake
2025-03-08 20:16:03,754 - INFO - Processing article: https://www.nasa.gov/news/recently-published/
2025-03-08 20:16:06,457 - INFO - Successfully extracted article: All NASA News - NASA
2025-03-08 20:16:06,458 - INFO - Crawling https://science.nasa.gov/missions/webb/ for category: exoplanets
2025-03-08 20:16:08,519 - INFO - Found 18 exoplanets article links for https://science.nasa.gov/missions/webb/
2025-03-08 20:16:08,519 - INFO - Processing article: https://science.nasa.gov/news/
2025-03-08 20:16:13,557 - INFO - Successfully extracted article: Lunar Science Stories
2025-03-08 20:16:13,557 - INFO - Processing article: https://assets.science.nasa.gov/dynamicimage/assets/science/missions/webb/science/2025/webb-STScI-01JM03FD2EFPDT8BMEWMYT37PP-2K.png?w=1890&h=2000&fit=clip&crop=faces%2Cfocalpoint
2025-03-08 20:16:16,996 - WARNING - Failed to extract meaningful content from https://assets.science.nasa.gov/dynamicimage/assets/science/missions/webb/science/2025/webb-STScI-01JM03FD2EFPDT8BMEWMYT37PP-2K.png?w=1890&h=2000&fit=clip&crop=faces%2Cfocalpoint
2025-03-08 20:16:16,997 - INFO - Processing article: https://science.nasa.gov/missions/webb/nasas-webb-exposes-complex-atmosphere-of-starless-super-jupiter/
2025-03-08 20:16:20,249 - INFO - Successfully extracted article: NASA’s Webb Exposes Complex Atmosphere of Starless Super-Jupiter
2025-03-08 20:16:20,250 - INFO - Processing article: https://science.nasa.gov/missions/webb/webb-reveals-rapid-fire-light-show-from-milky-ways-central-black-hole/
2025-03-08 20:16:22,860 - INFO - Successfully extracted article: Webb Reveals Rapid-Fire Light Show From Milky Way’s Central Black Hole
2025-03-08 20:16:22,860 - INFO - Processing article: https://science.nasa.gov/missions/webb/webb-maps-full-picture-of-how-phoenix-galaxy-cluster-forms-stars/
2025-03-08 20:16:26,237 - INFO - Successfully extracted article: Webb Maps Full Picture of How Phoenix Galaxy Cluster Forms Stars
2025-03-08 20:16:26,238 - INFO - Crawling https://science.nasa.gov/universe/exoplanets/ for category: exoplanets
2025-03-08 20:16:27,894 - ERROR - Request error for https://science.nasa.gov/universe/exoplanets/: 404 Client Error: Not Found for url: https://science.nasa.gov/universe/exoplanets/
2025-03-08 20:16:32,895 - INFO - Retrying request for https://science.nasa.gov/universe/exoplanets/
2025-03-08 20:16:33,927 - INFO - Collected 18 articles for exoplanets
2025-03-08 20:16:33,930 - INFO - Saved 18 articles for category exoplanets to space_text_corpus\raw\exoplanets.json
2025-03-08 20:16:33,930 - INFO - Completed collection for category: exoplanets
2025-03-08 20:16:33,930 - INFO - Starting collection for category: space_history
2025-03-08 20:16:33,930 - INFO - Crawling https://www.nasa.gov/news/ for category: space_history
2025-03-08 20:16:34,821 - INFO - Found 17 space_history article links for https://www.nasa.gov/news/
2025-03-08 20:16:34,822 - INFO - Processing article: https://www.nasa.gov/history/
2025-03-08 20:16:37,558 - INFO - Successfully extracted article: NASA History
2025-03-08 20:16:37,558 - INFO - Processing article: https://www.nasa.gov/history/110-years-ago-the-national-advisory-committee-for-aeronautics-founded/
2025-03-08 20:16:40,130 - INFO - Successfully extracted article: 110 Years Ago: The National Advisory Committee for Aeronautics Founded
2025-03-08 20:16:40,130 - INFO - Processing article: https://www.nasa.gov/nasa-news-release-archive/
2025-03-08 20:16:42,742 - WARNING - Failed to extract meaningful content from https://www.nasa.gov/nasa-news-release-archive/
2025-03-08 20:16:42,742 - INFO - Processing article: https://www.nasa.gov/history/nasa-marks-110-years-since-founding-of-predecessor-organization/
2025-03-08 20:16:45,306 - INFO - Successfully extracted article: NASA Marks 110 Years Since Founding of Predecessor Organization
2025-03-08 20:16:45,307 - INFO - Crawling https://www.nasa.gov/feature/naca-at-110-special-feature/ for category: space_history
2025-03-08 20:16:46,105 - INFO - Found 18 space_history article links for https://www.nasa.gov/feature/naca-at-110-special-feature/
2025-03-08 20:16:46,105 - INFO - Processing article: https://www.nasa.gov/reference/the-national-advisory-committee-for-aeronautics/
2025-03-08 20:16:49,444 - INFO - Successfully extracted article: The National Advisory Committee for Aeronautics
2025-03-08 20:16:49,444 - INFO - Processing article: https://www.nasa.gov/history/the-national-advisory-committee-for-aeronautics-naca/
2025-03-08 20:16:52,217 - INFO - Successfully extracted article: The NACA
2025-03-08 20:16:52,218 - INFO - Crawling https://www.nasa.gov/humans-in-space/ for category: space_history
2025-03-08 20:16:52,969 - INFO - Found 17 space_history article links for https://www.nasa.gov/humans-in-space/
2025-03-08 20:16:52,970 - INFO - Processing article: https://www.nasa.gov/feature/artemis/
2025-03-08 20:16:55,585 - INFO - Successfully extracted article: Artemis III: NASA’s First Human Mission to the Lunar South Pole
2025-03-08 20:16:55,586 - INFO - Collected 6 articles for space_history
2025-03-08 20:16:55,587 - INFO - Saved 6 articles for category space_history to space_text_corpus\raw\space_history.json
2025-03-08 20:16:55,588 - INFO - Completed collection for category: space_history
2025-03-08 20:16:55,588 - INFO - SpaceTextCorpus data collection completed
