2025-03-08 22:14:09,419 - INFO - IndiaClimateWatch - Weather Data Collector
2025-03-08 22:14:09,419 - INFO - Collecting data for 20 Indian cities
2025-03-08 22:14:09,420 - INFO - Collecting data for Mumbai...
2025-03-08 22:14:09,764 - ERROR - Error fetching weather data: 401 Client Error: Unauthorized for url: https://api.openweathermap.org/data/2.5/weather?lat=19.076&lon=72.8777&appid=b73a6c8a1005c9eb7110d0e1e4d0def8&units=metric
2025-03-08 22:14:09,764 - WARNING - Failed to collect data for Mumbai
2025-03-08 22:14:10,766 - INFO - Collecting data for Delhi...
2025-03-08 22:14:10,990 - ERROR - Error fetching weather data: 401 Client Error: Unauthorized for url: https://api.openweathermap.org/data/2.5/weather?lat=28.6139&lon=77.209&appid=b73a6c8a1005c9eb7110d0e1e4d0def8&units=metric
2025-03-08 22:14:10,991 - WARNING - Failed to collect data for Delhi
2025-03-08 22:14:11,992 - INFO - Collecting data for Bangalore...
2025-03-08 22:14:12,218 - ERROR - Error fetching weather data: 401 Client Error: Unauthorized for url: https://api.openweathermap.org/data/2.5/weather?lat=12.9716&lon=77.5946&appid=b73a6c8a1005c9eb7110d0e1e4d0def8&units=metric
2025-03-08 22:14:12,220 - WARNING - Failed to collect data for Bangalore
2025-03-08 22:14:13,220 - INFO - Collecting data for Hyderabad...
2025-03-08 22:14:13,450 - ERROR - Error fetching weather data: 401 Client Error: Unauthorized for url: https://api.openweathermap.org/data/2.5/weather?lat=17.385&lon=78.4867&appid=b73a6c8a1005c9eb7110d0e1e4d0def8&units=metric
2025-03-08 22:14:13,452 - WARNING - Failed to collect data for Hyderabad
2025-03-08 22:14:14,453 - INFO - Collecting data for Chennai...
2025-03-08 22:14:14,676 - ERROR - Error fetching weather data: 401 Client Error: Unauthorized for url: https://api.openweathermap.org/data/2.5/weather?lat=13.0827&lon=80.2707&appid=b73a6c8a1005c9eb7110d0e1e4d0def8&units=metric
2025-03-08 22:14:14,676 - WARNING - Failed to collect data for Chennai
2025-03-08 22:14:15,678 - INFO - Collecting data for Kolkata...
2025-03-08 22:14:15,925 - ERROR - Error fetching weather data: 401 Client Error: Unauthorized for url: https://api.openweathermap.org/data/2.5/weather?lat=22.5726&lon=88.3639&appid=b73a6c8a1005c9eb7110d0e1e4d0def8&units=metric
2025-03-08 22:14:15,926 - WARNING - Failed to collect data for Kolkata
2025-03-08 22:14:16,926 - INFO - Collecting data for Jaipur...
2025-03-08 22:15:26,812 - INFO - IndiaClimateWatch - Weather Data Collector
2025-03-08 22:15:26,812 - INFO - Collecting data for 20 Indian cities
2025-03-08 22:15:26,813 - INFO - Collecting data for Mumbai...
2025-03-08 22:15:27,017 - ERROR - Error fetching weather data: 401 Client Error: Unauthorized for url: https://api.openweathermap.org/data/2.5/weather?lat=19.076&lon=72.8777&appid=b73a6c8a1005c9eb7110d0e1e4d0def8&units=metric
2025-03-08 22:15:27,018 - WARNING - Failed to collect data for Mumbai
2025-03-08 22:15:28,020 - INFO - Collecting data for Delhi...
2025-03-08 22:15:28,224 - ERROR - Error fetching weather data: 401 Client Error: Unauthorized for url: https://api.openweathermap.org/data/2.5/weather?lat=28.6139&lon=77.209&appid=b73a6c8a1005c9eb7110d0e1e4d0def8&units=metric
2025-03-08 22:15:28,225 - WARNING - Failed to collect data for Delhi
2025-03-08 22:15:29,226 - INFO - Collecting data for Bangalore...
2025-03-08 22:15:29,417 - ERROR - Error fetching weather data: 401 Client Error: Unauthorized for url: https://api.openweathermap.org/data/2.5/weather?lat=12.9716&lon=77.5946&appid=b73a6c8a1005c9eb7110d0e1e4d0def8&units=metric
2025-03-08 22:15:29,418 - WARNING - Failed to collect data for Bangalore
2025-03-08 22:15:30,418 - INFO - Collecting data for Hyderabad...
2025-03-08 22:15:30,657 - ERROR - Error fetching weather data: 401 Client Error: Unauthorized for url: https://api.openweathermap.org/data/2.5/weather?lat=17.385&lon=78.4867&appid=b73a6c8a1005c9eb7110d0e1e4d0def8&units=metric
2025-03-08 22:15:30,657 - WARNING - Failed to collect data for Hyderabad
2025-03-08 22:15:31,658 - INFO - Collecting data for Chennai...
2025-03-08 22:15:31,889 - ERROR - Error fetching weather data: 401 Client Error: Unauthorized for url: https://api.openweathermap.org/data/2.5/weather?lat=13.0827&lon=80.2707&appid=b73a6c8a1005c9eb7110d0e1e4d0def8&units=metric
2025-03-08 22:15:31,889 - WARNING - Failed to collect data for Chennai
2025-03-08 22:15:52,976 - INFO - IndiaClimateWatch - Weather Data Collector
2025-03-08 22:15:52,976 - INFO - Collecting data for 20 Indian cities
2025-03-08 22:15:52,977 - INFO - Collecting data for Mumbai...
2025-03-08 22:15:53,209 - ERROR - Error fetching weather data: 401 Client Error: Unauthorized for url: https://api.openweathermap.org/data/2.5/weather?lat=19.076&lon=72.8777&appid=b77aac227768722992b5b687da09243b&units=metric
2025-03-08 22:15:53,210 - WARNING - Failed to collect data for Mumbai
2025-03-08 22:15:54,211 - INFO - Collecting data for Delhi...
2025-03-08 22:15:54,437 - ERROR - Error fetching weather data: 401 Client Error: Unauthorized for url: https://api.openweathermap.org/data/2.5/weather?lat=28.6139&lon=77.209&appid=b77aac227768722992b5b687da09243b&units=metric
2025-03-08 22:15:54,438 - WARNING - Failed to collect data for Delhi
2025-03-08 22:15:55,438 - INFO - Collecting data for Bangalore...
2025-03-08 22:41:11,807 - INFO - IndiaClimateWatch - Weather Data Collector
2025-03-08 22:41:11,807 - INFO - Collecting data for 20 Indian cities
2025-03-08 22:41:11,808 - INFO - Collecting data for Mumbai...
2025-03-08 22:41:12,231 - INFO - Successfully collected data for Mumbai
2025-03-08 22:41:13,231 - INFO - Collecting data for Delhi...
2025-03-08 22:41:13,458 - INFO - Successfully collected data for Delhi
2025-03-08 22:41:14,459 - INFO - Collecting data for Bangalore...
2025-03-08 22:41:14,654 - INFO - Successfully collected data for Bangalore
2025-03-08 22:41:15,656 - INFO - Collecting data for Hyderabad...
2025-03-08 22:41:15,848 - INFO - Successfully collected data for Hyderabad
2025-03-08 22:41:16,849 - INFO - Collecting data for Chennai...
2025-03-08 22:41:17,050 - INFO - Successfully collected data for Chennai
2025-03-08 22:41:18,051 - INFO - Collecting data for Kolkata...
2025-03-08 22:41:18,288 - INFO - Successfully collected data for Kolkata
2025-03-08 22:41:19,289 - INFO - Collecting data for Jaipur...
2025-03-08 22:41:19,480 - INFO - Successfully collected data for Jaipur
2025-03-08 22:41:20,481 - INFO - Collecting data for Ahmedabad...
2025-03-08 22:41:20,717 - INFO - Successfully collected data for Ahmedabad
2025-03-08 22:41:21,718 - INFO - Collecting data for Pune...
2025-03-08 22:41:21,957 - INFO - Successfully collected data for Pune
2025-03-08 22:41:22,958 - INFO - Collecting data for Surat...
2025-03-08 22:41:23,210 - INFO - Successfully collected data for Surat
2025-03-08 22:41:24,211 - INFO - Collecting data for Lucknow...
2025-03-08 22:41:24,446 - INFO - Successfully collected data for Lucknow
2025-03-08 22:41:25,447 - INFO - Collecting data for Kanpur...
2025-03-08 22:41:25,677 - INFO - Successfully collected data for Kanpur
2025-03-08 22:41:26,678 - INFO - Collecting data for Nagpur...
2025-03-08 22:41:26,902 - INFO - Successfully collected data for Nagpur
2025-03-08 22:41:27,903 - INFO - Collecting data for Indore...
2025-03-08 22:41:28,130 - INFO - Successfully collected data for Indore
2025-03-08 22:41:29,131 - INFO - Collecting data for Thane...
2025-03-08 22:41:29,321 - INFO - Successfully collected data for Thane
2025-03-08 22:41:30,322 - INFO - Collecting data for Bhopal...
2025-03-08 22:41:30,546 - INFO - Successfully collected data for Bhopal
2025-03-08 22:41:31,547 - INFO - Collecting data for Visakhapatnam...
2025-03-08 22:41:31,740 - INFO - Successfully collected data for Visakhapatnam
2025-03-08 22:41:32,741 - INFO - Collecting data for Patna...
2025-03-08 22:41:32,933 - INFO - Successfully collected data for Patna
2025-03-08 22:41:33,934 - INFO - Collecting data for Vadodara...
2025-03-08 22:41:34,160 - INFO - Successfully collected data for Vadodara
2025-03-08 22:41:35,162 - INFO - Collecting data for Guwahati...
2025-03-08 22:41:35,388 - INFO - Successfully collected data for Guwahati
2025-03-08 22:41:36,409 - INFO - Created new file india_climate_watch_data\india_weather_20250308.csv
2025-03-08 22:41:36,411 - INFO - Weather data collection completed. Saved to india_climate_watch_data\india_weather_20250308.csv and india_climate_watch_data\india_weather_master.csv
